/*C3*/SET SCHEMA PUBLIC
drop table users if exists cascade
drop table authorities if exists cascade
create table users( username varchar_ignorecase(50) not null primary key, password varchar_ignorecase(50) not null, enabled boolean not null )
create table authorities ( username varchar_ignorecase(50) not null, authority varchar_ignorecase(50) not null, constraint fk_authorities_users foreign key(username) references users(username) )
INSERT INTO USERS VALUES('han','123',TRUE)
COMMIT
INSERT INTO AUTHORITIES VALUES('han','ROLE_USER')
COMMIT
DISCONNECT
/*C4*/SET SCHEMA PUBLIC
DISCONNECT
/*C5*/SET SCHEMA PUBLIC
DISCONNECT
/*C6*/SET SCHEMA PUBLIC
DISCONNECT
/*C7*/SET SCHEMA PUBLIC
DISCONNECT
/*C8*/SET SCHEMA PUBLIC
DISCONNECT
/*C9*/SET SCHEMA PUBLIC
DISCONNECT
/*C10*/SET SCHEMA PUBLIC
DISCONNECT
/*C11*/SET SCHEMA PUBLIC
DISCONNECT
/*C12*/SET SCHEMA PUBLIC
DISCONNECT
